#
# There is insufficient memory for the Java Runtime Environment to continue.
# Native memory allocation (malloc) failed to allocate 65552 bytes for Chunk::new
# Possible reasons:
#   The system is out of physical RAM or swap space
#   In 32 bit mode, the process size limit was hit
# Possible solutions:
#   Reduce memory load on the system
#   Increase physical memory or swap space
#   Check if swap backing store is full
#   Use 64 bit Java on a 64 bit OS
#   Decrease Java heap size (-Xmx/-Xms)
#   Decrease number of Java threads
#   Decrease Java thread stack sizes (-Xss)
#   Set larger code cache with -XX:ReservedCodeCacheSize=
# This output file may be truncated or incomplete.
#
#  Out of Memory Error (allocation.cpp:323), pid=9500, tid=7300
#
# JRE version: Java(TM) SE Runtime Environment (7.0_79-b15) (build 1.7.0_79-b15)
# Java VM: Java HotSpot(TM) 64-Bit Server VM (24.79-b02 mixed mode windows-amd64 compressed oops)
# Failed to write core dump. Minidumps are not enabled by default on client versions of Windows
#

---------------  T H R E A D  ---------------

Current thread (0x0000000008ce6000):  JavaThread "C2 CompilerThread0" daemon [_thread_in_native, id=7300, stack(0x000000000a260000,0x000000000a360000)]

Stack: [0x000000000a260000,0x000000000a360000]
[error occurred during error reporting (printing stack bounds), id 0xc0000005]


[error occurred during error reporting (printing native stack), id 0xc0000005]


Current CompileTask:
C2:   7129  172             com.android.dx.ssa.back.LivenessAnalyzer::run (231 bytes)


---------------  P R O C E S S  ---------------

Java Threads: ( => current thread )
  0x000000000a6f3000 JavaThread "pool-2-thread-1" [_thread_blocked, id=12052, stack(0x000000000ac60000,0x000000000ad60000)]
  0x0000000008d1b000 JavaThread "pool-1-thread-1" [_thread_blocked, id=7984, stack(0x000000000ab60000,0x000000000ac60000)]
  0x0000000008cf3000 JavaThread "Service Thread" daemon [_thread_blocked, id=12712, stack(0x000000000a460000,0x000000000a560000)]
  0x0000000008cf0800 JavaThread "C2 CompilerThread1" daemon [_thread_in_native, id=5616, stack(0x000000000a360000,0x000000000a460000)]
=>0x0000000008ce6000 JavaThread "C2 CompilerThread0" daemon [_thread_in_native, id=7300, stack(0x000000000a260000,0x000000000a360000)]
  0x0000000008ce5000 JavaThread "Attach Listener" daemon [_thread_blocked, id=18812, stack(0x000000000a160000,0x000000000a260000)]
  0x0000000008ce2000 JavaThread "Signal Dispatcher" daemon [_thread_blocked, id=8056, stack(0x000000000a060000,0x000000000a160000)]
  0x0000000008cab000 JavaThread "Finalizer" daemon [_thread_blocked, id=9932, stack(0x0000000009f60000,0x000000000a060000)]
  0x0000000008ca7800 JavaThread "Reference Handler" daemon [_thread_blocked, id=5640, stack(0x0000000009e60000,0x0000000009f60000)]
  0x000000000289e800 JavaThread "main" [_thread_in_Java, id=12256, stack(0x00000000028a0000,0x00000000029a0000)]

Other Threads:
  0x0000000008ca2800 VMThread [stack: 0x0000000009d60000,0x0000000009e60000] [id=18332]
  0x0000000008d04800 WatcherThread [stack: 0x000000000a560000,0x000000000a660000] [id=932]

VM state:not at safepoint (normal execution)

VM Mutex/Monitor currently owned by a thread: None

Heap
 PSYoungGen      total 18944K, used 10421K [0x00000000eaa80000, 0x00000000ebf80000, 0x0000000100000000)
  eden space 16384K, 48% used [0x00000000eaa80000,0x00000000eb233878,0x00000000eba80000)
  from space 2560K, 99% used [0x00000000eba80000,0x00000000ebcf9c88,0x00000000ebd00000)
  to   space 2560K, 0% used [0x00000000ebd00000,0x00000000ebd00000,0x00000000ebf80000)
 ParOldGen       total 42496K, used 1619K [0x00000000c0000000, 0x00000000c2980000, 0x00000000eaa80000)
  object space 42496K, 3% used [0x00000000c0000000,0x00000000c0194d10,0x00000000c2980000)
 PSPermGen       total 21504K, used 5585K [0x00000000bae00000, 0x00000000bc300000, 0x00000000c0000000)
  object space 21504K, 25% used [0x00000000bae00000,0x00000000bb374498,0x00000000bc300000)

Card table byte_map: [0x0000000005f10000,0x0000000006140000] byte_map_base: 0x0000000005939000

Polling page: 0x0000000000f00000

Code Cache  [0x0000000002e50000, 0x00000000030c0000, 0x0000000005e50000)
 total_blobs=423 nmethods=186 adapters=189 free_code_cache=48348Kb largest_free_block=49484352

Compilation events (10 events):
Event: 6.929 Thread 0x0000000008cf0800  171             com.android.dx.rop.cst.Constant::compareTo (9 bytes)
Event: 6.930 Thread 0x0000000008cf0800 nmethod 171 0x0000000002ef1d50 code [0x0000000002ef1ea0, 0x0000000002ef1f78]
Event: 6.933 Thread 0x0000000008ce6000  172             com.android.dx.ssa.back.LivenessAnalyzer::run (231 bytes)
Event: 6.943 Thread 0x0000000008cf0800  173             com.android.dx.dex.code.ZeroSizeInsn::<init> (12 bytes)
Event: 6.944 Thread 0x0000000008cf0800 nmethod 173 0x0000000002ef3d90 code [0x0000000002ef3ee0, 0x0000000002ef3f78]
Event: 6.946 Thread 0x0000000008cf0800  174             com.android.dx.ssa.SsaMethod::bitSetFromLabelList (47 bytes)
Event: 6.954 Thread 0x0000000008cf0800 nmethod 174 0x0000000002f092d0 code [0x0000000002f09440, 0x0000000002f09888]
Event: 6.956 Thread 0x0000000008cf0800  175             com.android.dx.rop.code.RegisterSpec::withReg (23 bytes)
Event: 6.957 Thread 0x0000000008cf0800 nmethod 175 0x0000000002ef3b10 code [0x0000000002ef3c60, 0x0000000002ef3ce8]
Event: 6.957 Thread 0x0000000008cf0800  176             com.android.dx.ssa.DeadCodeRemover::pruneDeadInstructions (246 bytes)

GC Heap History (2 events):
Event: 6.175 GC heap before
{Heap before GC invocations=1 (full 0):
 PSYoungGen      total 18944K, used 16384K [0x00000000eaa80000, 0x00000000ebf80000, 0x0000000100000000)
  eden space 16384K, 100% used [0x00000000eaa80000,0x00000000eba80000,0x00000000eba80000)
  from space 2560K, 0% used [0x00000000ebd00000,0x00000000ebd00000,0x00000000ebf80000)
  to   space 2560K, 0% used [0x00000000eba80000,0x00000000eba80000,0x00000000ebd00000)
 ParOldGen       total 42496K, used 0K [0x00000000c0000000, 0x00000000c2980000, 0x00000000eaa80000)
  object space 42496K, 0% used [0x00000000c0000000,0x00000000c0000000,0x00000000c2980000)
 PSPermGen       total 21504K, used 5506K [0x00000000bae00000, 0x00000000bc300000, 0x00000000c0000000)
  object space 21504K, 25% used [0x00000000bae00000,0x00000000bb360888,0x00000000bc300000)
Event: 6.213 GC heap after
Heap after GC invocations=1 (full 0):
 PSYoungGen      total 18944K, used 2535K [0x00000000eaa80000, 0x00000000ebf80000, 0x0000000100000000)
  eden space 16384K, 0% used [0x00000000eaa80000,0x00000000eaa80000,0x00000000eba80000)
  from space 2560K, 99% used [0x00000000eba80000,0x00000000ebcf9c88,0x00000000ebd00000)
  to   space 2560K, 0% used [0x00000000ebd00000,0x00000000ebd00000,0x00000000ebf80000)
 ParOldGen       total 42496K, used 1619K [0x00000000c0000000, 0x00000000c2980000, 0x00000000eaa80000)
  object space 42496K, 3% used [0x00000000c0000000,0x00000000c0194d10,0x00000000c2980000)
 PSPermGen       total 21504K, used 5506K [0x00000000bae00000, 0x00000000bc300000, 0x00000000c0000000)
  object space 21504K, 25% used [0x00000000bae00000,0x00000000bb360888,0x00000000bc300000)
}

Deoptimization events (7 events):
Event: 5.650 Thread 0x000000000289e800 Uncommon trap: reason=null_check action=make_not_entrant pc=0x0000000002ed202c method=com.android.dx.rop.code.LocalItem.equals(Ljava/lang/Object;)Z @ 1
Event: 5.733 Thread 0x000000000289e800 Uncommon trap: reason=class_check action=maybe_recompile pc=0x0000000002ed79ac method=com.android.dx.ssa.NormalSsaInsn.accept(Lcom/android/dx/ssa/SsaInsn$Visitor;)V @ 9
Event: 5.733 Thread 0x000000000289e800 Uncommon trap: reason=class_check action=maybe_recompile pc=0x0000000002ed79ac method=com.android.dx.ssa.NormalSsaInsn.accept(Lcom/android/dx/ssa/SsaInsn$Visitor;)V @ 9
Event: 5.734 Thread 0x000000000289e800 Uncommon trap: reason=class_check action=maybe_recompile pc=0x0000000002ed79ac method=com.android.dx.ssa.NormalSsaInsn.accept(Lcom/android/dx/ssa/SsaInsn$Visitor;)V @ 9
Event: 5.734 Thread 0x000000000289e800 Uncommon trap: reason=class_check action=maybe_recompile pc=0x0000000002ed79ac method=com.android.dx.ssa.NormalSsaInsn.accept(Lcom/android/dx/ssa/SsaInsn$Visitor;)V @ 9
Event: 5.734 Thread 0x000000000289e800 Uncommon trap: reason=class_check action=maybe_recompile pc=0x0000000002ec18f4 method=com.android.dx.ssa.NormalSsaInsn.accept(Lcom/android/dx/ssa/SsaInsn$Visitor;)V @ 9
Event: 6.911 Thread 0x0000000008d1b000 Uncommon trap: reason=null_check action=make_not_entrant pc=0x0000000002f00248 method=com.android.dx.rop.code.RegisterSpec.equals(Ljava/lang/Object;)Z @ 1

Internal exceptions (3 events):
Event: 0.037 Thread 0x000000000289e800 Threw 0x00000000eaa8ab50 at C:\re\jdk7u79\2331\hotspot\src\share\vm\prims\jni.cpp:3991
Event: 5.650 Thread 0x000000000289e800 Implicit null exception at 0x0000000002ed1ce8 to 0x0000000002ed2019
Event: 6.911 Thread 0x0000000008d1b000 Implicit null exception at 0x0000000002eff332 to 0x0000000002f00211

Events (10 events):
Event: 6.215 Executing VM operation: RevokeBias done
Event: 6.215 Executing VM operation: RevokeBias
Event: 6.215 Executing VM operation: RevokeBias done
Event: 6.215 Executing VM operation: BulkRevokeBias
Event: 6.216 Executing VM operation: BulkRevokeBias done
Event: 6.695 loading class 0x000000000a6f8880
Event: 6.695 loading class 0x000000000a6f8880 done
Event: 6.911 Thread 0x0000000008d1b000 Uncommon trap: trap_request=0xfffffff4 fr.pc=0x0000000002f00248
Event: 6.911 Thread 0x0000000008d1b000 DEOPT PACKING pc=0x0000000002f00248 sp=0x000000000ac5eb00
Event: 6.911 Thread 0x0000000008d1b000 DEOPT UNPACKING pc=0x0000000002e875a4 sp=0x000000000ac5ea18 mode 2


Dynamic libraries:
0x00007ff6fa200000 - 0x00007ff6fa233000 	C:\PROGRA~1\java\JDK17~1.0_7\bin\java.exe
0x00007ffaacb90000 - 0x00007ffaacd51000 	C:\Windows\SYSTEM32\ntdll.dll
0x00007ffaac730000 - 0x00007ffaac7dd000 	C:\Windows\system32\KERNEL32.DLL
0x00007ffaaa080000 - 0x00007ffaaa25d000 	C:\Windows\system32\KERNELBASE.dll
0x00007ffaaa7f0000 - 0x00007ffaaa896000 	C:\Windows\system32\ADVAPI32.dll
0x00007ffaaa260000 - 0x00007ffaaa2fd000 	C:\Windows\system32\msvcrt.dll
0x00007ffaaa300000 - 0x00007ffaaa35b000 	C:\Windows\system32\sechost.dll
0x00007ffaaca60000 - 0x00007ffaacb86000 	C:\Windows\system32\RPCRT4.dll
0x00007ffaac3d0000 - 0x00007ffaac51e000 	C:\Windows\system32\USER32.dll
0x00007ffaaa8a0000 - 0x00007ffaaaa26000 	C:\Windows\system32\GDI32.dll
0x00007ffaa4cb0000 - 0x00007ffaa4f24000 	C:\Windows\WinSxS\amd64_microsoft.windows.common-controls_6595b64144ccf1df_6.0.10240.16384_none_f41f7b285750ef43\COMCTL32.dll
0x00007ffaaa740000 - 0x00007ffaaa776000 	C:\Windows\system32\IMM32.DLL
0x00007ffaac130000 - 0x00007ffaac28c000 	C:\Windows\system32\MSCTF.dll
0x000000007e110000 - 0x000000007e181000 	C:\Program Files (x86)\cmder\vendor\conemu-maximus5\ConEmu\ConEmuHk64.dll
0x0000000054360000 - 0x0000000054432000 	C:\PROGRA~1\java\JDK17~1.0_7\jre\bin\msvcr100.dll
0x0000000053b80000 - 0x0000000054355000 	C:\PROGRA~1\java\JDK17~1.0_7\jre\bin\server\jvm.dll
0x00007ffaaa360000 - 0x00007ffaaa368000 	C:\Windows\system32\PSAPI.DLL
0x00007ffaa7900000 - 0x00007ffaa7923000 	C:\Windows\SYSTEM32\WINMM.dll
0x00007ffa96060000 - 0x00007ffa96069000 	C:\Windows\SYSTEM32\WSOCK32.dll
0x00007ffaac990000 - 0x00007ffaac9f9000 	C:\Windows\system32\WS2_32.dll
0x00007ffaac600000 - 0x00007ffaac608000 	C:\Windows\system32\NSI.dll
0x0000000000f20000 - 0x0000000000f4c000 	C:\Windows\SYSTEM32\WINMMBASE.dll
0x00007ffaa9660000 - 0x00007ffaa96a4000 	C:\Windows\system32\cfgmgr32.dll
0x00007ffaa9300000 - 0x00007ffaa9327000 	C:\Windows\SYSTEM32\DEVOBJ.dll
0x0000000053b70000 - 0x0000000053b7f000 	C:\PROGRA~1\java\JDK17~1.0_7\jre\bin\verify.dll
0x0000000053b40000 - 0x0000000053b68000 	C:\PROGRA~1\java\JDK17~1.0_7\jre\bin\java.dll
0x0000000053b20000 - 0x0000000053b35000 	C:\PROGRA~1\java\JDK17~1.0_7\jre\bin\zip.dll
0x0000000053b00000 - 0x0000000053b1a000 	C:\Program Files\Java\jdk1.7.0_79\jre\bin\net.dll
0x00007ffaa8d40000 - 0x00007ffaa8d9d000 	C:\Windows\system32\mswsock.dll
0x0000000053ae0000 - 0x0000000053af1000 	C:\Program Files\Java\jdk1.7.0_79\jre\bin\nio.dll

VM Arguments:
jvm_args: -Xmx1024M -Xss1m -Djava.ext.dirs=C:\Users\seb\AppData\Local\Android\sdk\build-tools\23.0.0\lib 
java_command: C:\Users\seb\AppData\Local\Android\sdk\build-tools\23.0.0\lib\dx.jar --dex --output C:\Users\seb\Desktop\pinfhhd\appli\tabs\platforms\android\build\intermediates\pre-dexed\debug\classes-5dfd34a070a39a5385d2d2c3171adac9229e9244.jar C:\Users\seb\Desktop\pinfhhd\appli\tabs\platforms\android\build\intermediates\exploded-aar\android\CordovaLib\unspecified\debug\classes.jar
Launcher Type: SUN_STANDARD

Environment Variables:
JAVA_HOME=C:\Program Files\java\jdk1.7.0_79
CLASSPATH=C:\Users\seb\Desktop\pinfhhd\appli\tabs\platforms\android\\gradle\wrapper\gradle-wrapper.jar
PATH=C:\Program Files (x86)\cmder\bin;C:\Program Files\Git\bin;C:\Program Files\Git\share\vim\vim74;C:\Program Files (x86)\cmder\vendor\conemu-maximus5;C:\Program Files (x86)\cmder\vendor\conemu-maximus5\ConEmu;C:\ProgramData\Oracle\Java\javapath;C:\Python27\;C:\Python27\Scripts;C:\Windows\system32;C:\Windows;C:\Windows\System32\Wbem;C:\Windows\System32\WindowsPowerShell\v1.0\;C:\Program Files (x86)\NVIDIA Corporation\PhysX\Common;C:\Program Files\nodejs\;C:\wamp\bin\php\php5.5.12;C:\ProgramData\ComposerSetup\bin;C:\Program Files\Git\cmd;C:\Program Files (x86)\Skype\Phone\;C:\Program Files (x86)\OpenSSH\bin;C:\Program Files (x86)\GtkSharp\2.12\bin;C:\Ruby200-x64\bin;C:\Ruby22-x64\bin;C:\Users\seb\AppData\Roaming\Dashlane\3.5.1.90825\bin\Firefox_Extension\{442718d9-475e-452a-b3e1-fb1ee16b8e9f}\components;C:\Users\seb\AppData\Roaming\npm;C:\wamp\PhpUnit;C:\Users\seb\AppData\Roaming\Dashlane\3.5.2.91147\bin\Firefox_Extension\{442718d9-475e-452a-b3e1-fb1ee16b8e9f}\components;C:\Program Files (x86)\Google\google_appengine\;C:\Users\seb\Desktop\apache-ant-1.9.6-bin\apache-ant-1.9.6\bin;C:\Program Files (x86)\cmder;C:\Program Files\java\jdk1.7.0_79\bin;C:\Users\seb\AppData\Local\Android\sdk\tools;C:\Users\seb\AppData\Local\Android\sdk\platform-tools
USERNAME=seb
OS=Windows_NT
PROCESSOR_IDENTIFIER=Intel64 Family 6 Model 58 Stepping 9, GenuineIntel



---------------  S Y S T E M  ---------------

OS: Windows 8.1 , 64 bit Build 9600 

CPU:total 4 (2 cores per cpu, 2 threads per core) family 6 model 58 stepping 9, cmov, cx8, fxsr, mmx, sse, sse2, sse3, ssse3, sse4.1, sse4.2, popcnt, avx, aes, erms, ht, tsc, tscinvbit, tscinv

Memory: 4k page, physical 4078448k(139448k free), swap 9034316k(188088k free)

vm_info: Java HotSpot(TM) 64-Bit Server VM (24.79-b02) for windows-amd64 JRE (1.7.0_79-b15), built on Apr 10 2015 12:36:16 by "java_re" with unknown MS VC++:1600

time: Sun Oct 11 11:07:30 2015
elapsed time: 7 seconds

