  [1m[36m (4.6ms)[0m  [1mCREATE TABLE "schema_migrations" ("version" varchar NOT NULL) [0m
  [1m[35m (0.1ms)[0m  select sqlite_version(*)
  [1m[36m (1.1ms)[0m  [1mCREATE UNIQUE INDEX "unique_schema_migrations" ON "schema_migrations" ("version")[0m
  [1m[35mActiveRecord::SchemaMigration Load (0.1ms)[0m  SELECT "schema_migrations".* FROM "schema_migrations"
Migrating to DeviseCreateUsers (20150927102852)
  [1m[36m (0.1ms)[0m  [1mbegin transaction[0m
  [1m[35m (0.5ms)[0m  CREATE TABLE "users" ("id" INTEGER PRIMARY KEY AUTOINCREMENT NOT NULL, "email" varchar DEFAULT '' NOT NULL, "encrypted_password" varchar DEFAULT '' NOT NULL, "reset_password_token" varchar, "reset_password_sent_at" datetime, "remember_created_at" datetime, "sign_in_count" integer DEFAULT 0 NOT NULL, "current_sign_in_at" datetime, "last_sign_in_at" datetime, "current_sign_in_ip" varchar, "last_sign_in_ip" varchar, "created_at" datetime NOT NULL, "updated_at" datetime NOT NULL) 
  [1m[36m (0.3ms)[0m  [1mCREATE UNIQUE INDEX "index_users_on_email" ON "users" ("email")[0m
  [1m[35m (0.1ms)[0m              SELECT sql
            FROM sqlite_master
            WHERE name='index_users_on_email' AND type='index'
            UNION ALL
            SELECT sql
            FROM sqlite_temp_master
            WHERE name='index_users_on_email' AND type='index'

  [1m[36m (0.1ms)[0m  [1mCREATE UNIQUE INDEX "index_users_on_reset_password_token" ON "users" ("reset_password_token")[0m
  [1m[35mSQL (0.1ms)[0m  INSERT INTO "schema_migrations" ("version") VALUES (?)  [["version", "20150927102852"]]
  [1m[36m (1.2ms)[0m  [1mcommit transaction[0m
Migrating to AddAuthenticationTokenToUsers (20150927103001)
  [1m[35m (0.1ms)[0m  begin transaction
  [1m[36m (0.4ms)[0m  [1mALTER TABLE "users" ADD "authentication_token" varchar[0m
  [1m[35m (0.1ms)[0m              SELECT sql
            FROM sqlite_master
            WHERE name='index_users_on_reset_password_token' AND type='index'
            UNION ALL
            SELECT sql
            FROM sqlite_temp_master
            WHERE name='index_users_on_reset_password_token' AND type='index'

  [1m[36m (0.1ms)[0m  [1m            SELECT sql
            FROM sqlite_master
            WHERE name='index_users_on_email' AND type='index'
            UNION ALL
            SELECT sql
            FROM sqlite_temp_master
            WHERE name='index_users_on_email' AND type='index'
[0m
  [1m[35m (0.2ms)[0m  CREATE  INDEX "index_users_on_authentication_token" ON "users" ("authentication_token")
  [1m[36mSQL (0.2ms)[0m  [1mINSERT INTO "schema_migrations" ("version") VALUES (?)[0m  [["version", "20150927103001"]]
  [1m[35m (0.8ms)[0m  commit transaction
  [1m[36mActiveRecord::SchemaMigration Load (0.1ms)[0m  [1mSELECT "schema_migrations".* FROM "schema_migrations"[0m
  [1m[35m (0.1ms)[0m              SELECT sql
            FROM sqlite_master
            WHERE name='index_users_on_authentication_token' AND type='index'
            UNION ALL
            SELECT sql
            FROM sqlite_temp_master
            WHERE name='index_users_on_authentication_token' AND type='index'

  [1m[36m (0.1ms)[0m  [1m            SELECT sql
            FROM sqlite_master
            WHERE name='index_users_on_reset_password_token' AND type='index'
            UNION ALL
            SELECT sql
            FROM sqlite_temp_master
            WHERE name='index_users_on_reset_password_token' AND type='index'
[0m
  [1m[35m (0.1ms)[0m              SELECT sql
            FROM sqlite_master
            WHERE name='index_users_on_email' AND type='index'
            UNION ALL
            SELECT sql
            FROM sqlite_temp_master
            WHERE name='index_users_on_email' AND type='index'

  [1m[36mActiveRecord::SchemaMigration Load (0.2ms)[0m  [1mSELECT "schema_migrations".* FROM "schema_migrations"[0m
Migrating to AddFieldsToUsers (20150927103115)
  [1m[35m (0.2ms)[0m  begin transaction
  [1m[36m (0.6ms)[0m  [1mALTER TABLE "users" ADD "telephone_number" varchar[0m
  [1m[35m (0.2ms)[0m  ALTER TABLE "users" ADD "address" varchar
  [1m[36m (0.2ms)[0m  [1mALTER TABLE "users" ADD "first_name" varchar[0m
  [1m[35m (0.2ms)[0m  ALTER TABLE "users" ADD "last_name" varchar
  [1m[36m (0.2ms)[0m  [1mALTER TABLE "users" ADD "sex" varchar[0m
  [1m[35m (0.2ms)[0m  ALTER TABLE "users" ADD "birthdate" date
  [1m[36m (0.2ms)[0m  [1mALTER TABLE "users" ADD "description" date[0m
  [1m[35mSQL (0.2ms)[0m  INSERT INTO "schema_migrations" ("version") VALUES (?)  [["version", "20150927103115"]]
  [1m[36m (0.8ms)[0m  [1mcommit transaction[0m
  [1m[35mActiveRecord::SchemaMigration Load (0.1ms)[0m  SELECT "schema_migrations".* FROM "schema_migrations"
  [1m[36m (0.1ms)[0m  [1m            SELECT sql
            FROM sqlite_master
            WHERE name='index_users_on_authentication_token' AND type='index'
            UNION ALL
            SELECT sql
            FROM sqlite_temp_master
            WHERE name='index_users_on_authentication_token' AND type='index'
[0m
  [1m[35m (0.3ms)[0m              SELECT sql
            FROM sqlite_master
            WHERE name='index_users_on_reset_password_token' AND type='index'
            UNION ALL
            SELECT sql
            FROM sqlite_temp_master
            WHERE name='index_users_on_reset_password_token' AND type='index'

  [1m[36m (0.1ms)[0m  [1m            SELECT sql
            FROM sqlite_master
            WHERE name='index_users_on_email' AND type='index'
            UNION ALL
            SELECT sql
            FROM sqlite_temp_master
            WHERE name='index_users_on_email' AND type='index'
[0m
  [1m[36mActiveRecord::SchemaMigration Load (1.0ms)[0m  [1mSELECT "schema_migrations".* FROM "schema_migrations"[0m
  [1m[35mActiveRecord::SchemaMigration Load (0.1ms)[0m  SELECT "schema_migrations".* FROM "schema_migrations"
  [1m[36m (0.2ms)[0m  [1m            SELECT sql
            FROM sqlite_master
            WHERE name='index_users_on_authentication_token' AND type='index'
            UNION ALL
            SELECT sql
            FROM sqlite_temp_master
            WHERE name='index_users_on_authentication_token' AND type='index'
[0m
  [1m[35m (0.5ms)[0m              SELECT sql
            FROM sqlite_master
            WHERE name='index_users_on_reset_password_token' AND type='index'
            UNION ALL
            SELECT sql
            FROM sqlite_temp_master
            WHERE name='index_users_on_reset_password_token' AND type='index'

  [1m[36m (0.1ms)[0m  [1m            SELECT sql
            FROM sqlite_master
            WHERE name='index_users_on_email' AND type='index'
            UNION ALL
            SELECT sql
            FROM sqlite_temp_master
            WHERE name='index_users_on_email' AND type='index'
[0m
  [1m[36m (1.4ms)[0m  [1mCREATE TABLE "users" ("id" INTEGER PRIMARY KEY AUTOINCREMENT NOT NULL, "email" varchar DEFAULT '' NOT NULL, "encrypted_password" varchar DEFAULT '' NOT NULL, "reset_password_token" varchar, "reset_password_sent_at" datetime, "remember_created_at" datetime, "sign_in_count" integer DEFAULT 0 NOT NULL, "current_sign_in_at" datetime, "last_sign_in_at" datetime, "current_sign_in_ip" varchar, "last_sign_in_ip" varchar, "created_at" datetime NOT NULL, "updated_at" datetime NOT NULL, "authentication_token" varchar, "telephone_number" varchar, "address" varchar, "first_name" varchar, "last_name" varchar, "sex" varchar, "birthdate" date, "description" date) [0m
  [1m[35m (0.1ms)[0m  select sqlite_version(*)
  [1m[36m (0.9ms)[0m  [1mCREATE  INDEX "index_users_on_authentication_token" ON "users" ("authentication_token")[0m
  [1m[35m (0.1ms)[0m              SELECT sql
            FROM sqlite_master
            WHERE name='index_users_on_authentication_token' AND type='index'
            UNION ALL
            SELECT sql
            FROM sqlite_temp_master
            WHERE name='index_users_on_authentication_token' AND type='index'

  [1m[36m (1.0ms)[0m  [1mCREATE UNIQUE INDEX "index_users_on_email" ON "users" ("email")[0m
  [1m[35m (0.1ms)[0m              SELECT sql
            FROM sqlite_master
            WHERE name='index_users_on_email' AND type='index'
            UNION ALL
            SELECT sql
            FROM sqlite_temp_master
            WHERE name='index_users_on_email' AND type='index'

  [1m[36m (0.1ms)[0m  [1m            SELECT sql
            FROM sqlite_master
            WHERE name='index_users_on_authentication_token' AND type='index'
            UNION ALL
            SELECT sql
            FROM sqlite_temp_master
            WHERE name='index_users_on_authentication_token' AND type='index'
[0m
  [1m[35m (1.4ms)[0m  CREATE UNIQUE INDEX "index_users_on_reset_password_token" ON "users" ("reset_password_token")
  [1m[36m (1.1ms)[0m  [1mCREATE TABLE "schema_migrations" ("version" varchar NOT NULL) [0m
  [1m[35m (0.9ms)[0m  CREATE UNIQUE INDEX "unique_schema_migrations" ON "schema_migrations" ("version")
  [1m[36m (0.1ms)[0m  [1mSELECT version FROM "schema_migrations"[0m
  [1m[35m (0.9ms)[0m  INSERT INTO "schema_migrations" (version) VALUES ('20150927103115')
  [1m[36m (0.8ms)[0m  [1mINSERT INTO "schema_migrations" (version) VALUES ('20150927102852')[0m
  [1m[35m (0.7ms)[0m  INSERT INTO "schema_migrations" (version) VALUES ('20150927103001')
  [1m[36m (1.3ms)[0m  [1mCREATE TABLE "users" ("id" INTEGER PRIMARY KEY AUTOINCREMENT NOT NULL, "email" varchar DEFAULT '' NOT NULL, "encrypted_password" varchar DEFAULT '' NOT NULL, "reset_password_token" varchar, "reset_password_sent_at" datetime, "remember_created_at" datetime, "sign_in_count" integer DEFAULT 0 NOT NULL, "current_sign_in_at" datetime, "last_sign_in_at" datetime, "current_sign_in_ip" varchar, "last_sign_in_ip" varchar, "created_at" datetime NOT NULL, "updated_at" datetime NOT NULL, "authentication_token" varchar, "telephone_number" varchar, "address" varchar, "first_name" varchar, "last_name" varchar, "sex" varchar, "birthdate" date, "description" date) [0m
  [1m[35m (0.1ms)[0m  select sqlite_version(*)
  [1m[36m (1.4ms)[0m  [1mCREATE  INDEX "index_users_on_authentication_token" ON "users" ("authentication_token")[0m
  [1m[35m (0.1ms)[0m              SELECT sql
            FROM sqlite_master
            WHERE name='index_users_on_authentication_token' AND type='index'
            UNION ALL
            SELECT sql
            FROM sqlite_temp_master
            WHERE name='index_users_on_authentication_token' AND type='index'

  [1m[36m (1.0ms)[0m  [1mCREATE UNIQUE INDEX "index_users_on_email" ON "users" ("email")[0m
  [1m[35m (0.1ms)[0m              SELECT sql
            FROM sqlite_master
            WHERE name='index_users_on_email' AND type='index'
            UNION ALL
            SELECT sql
            FROM sqlite_temp_master
            WHERE name='index_users_on_email' AND type='index'

  [1m[36m (0.1ms)[0m  [1m            SELECT sql
            FROM sqlite_master
            WHERE name='index_users_on_authentication_token' AND type='index'
            UNION ALL
            SELECT sql
            FROM sqlite_temp_master
            WHERE name='index_users_on_authentication_token' AND type='index'
[0m
  [1m[35m (2.6ms)[0m  CREATE UNIQUE INDEX "index_users_on_reset_password_token" ON "users" ("reset_password_token")
  [1m[36m (0.8ms)[0m  [1mCREATE TABLE "schema_migrations" ("version" varchar NOT NULL) [0m
  [1m[35m (0.7ms)[0m  CREATE UNIQUE INDEX "unique_schema_migrations" ON "schema_migrations" ("version")
  [1m[36m (0.2ms)[0m  [1mSELECT version FROM "schema_migrations"[0m
  [1m[35m (0.8ms)[0m  INSERT INTO "schema_migrations" (version) VALUES ('20150927103115')
  [1m[36m (0.7ms)[0m  [1mINSERT INTO "schema_migrations" (version) VALUES ('20150927102852')[0m
  [1m[35m (0.6ms)[0m  INSERT INTO "schema_migrations" (version) VALUES ('20150927103001')
  [1m[36mActiveRecord::SchemaMigration Load (0.1ms)[0m  [1mSELECT "schema_migrations".* FROM "schema_migrations"[0m
  [1m[36mActiveRecord::SchemaMigration Load (0.6ms)[0m  [1mSELECT "schema_migrations".* FROM "schema_migrations"[0m
  [1m[35mActiveRecord::SchemaMigration Load (0.1ms)[0m  SELECT "schema_migrations".* FROM "schema_migrations"
  [1m[36m (0.2ms)[0m  [1m            SELECT sql
            FROM sqlite_master
            WHERE name='index_users_on_reset_password_token' AND type='index'
            UNION ALL
            SELECT sql
            FROM sqlite_temp_master
            WHERE name='index_users_on_reset_password_token' AND type='index'
[0m
  [1m[35m (0.1ms)[0m              SELECT sql
            FROM sqlite_master
            WHERE name='index_users_on_email' AND type='index'
            UNION ALL
            SELECT sql
            FROM sqlite_temp_master
            WHERE name='index_users_on_email' AND type='index'

  [1m[36m (0.1ms)[0m  [1m            SELECT sql
            FROM sqlite_master
            WHERE name='index_users_on_authentication_token' AND type='index'
            UNION ALL
            SELECT sql
            FROM sqlite_temp_master
            WHERE name='index_users_on_authentication_token' AND type='index'
[0m
  [1m[36mActiveRecord::SchemaMigration Load (0.1ms)[0m  [1mSELECT "schema_migrations".* FROM "schema_migrations"[0m
  [1m[35mActiveRecord::SchemaMigration Load (0.1ms)[0m  SELECT "schema_migrations".* FROM "schema_migrations"
  [1m[36m (0.1ms)[0m  [1m            SELECT sql
            FROM sqlite_master
            WHERE name='index_users_on_reset_password_token' AND type='index'
            UNION ALL
            SELECT sql
            FROM sqlite_temp_master
            WHERE name='index_users_on_reset_password_token' AND type='index'
[0m
  [1m[35m (0.1ms)[0m              SELECT sql
            FROM sqlite_master
            WHERE name='index_users_on_email' AND type='index'
            UNION ALL
            SELECT sql
            FROM sqlite_temp_master
            WHERE name='index_users_on_email' AND type='index'

  [1m[36m (0.1ms)[0m  [1m            SELECT sql
            FROM sqlite_master
            WHERE name='index_users_on_authentication_token' AND type='index'
            UNION ALL
            SELECT sql
            FROM sqlite_temp_master
            WHERE name='index_users_on_authentication_token' AND type='index'
[0m


Started POST "/api/v1/user" for ::1 at 2015-09-27 12:48:15 +0200
  [1m[36mActiveRecord::SchemaMigration Load (0.1ms)[0m  [1mSELECT "schema_migrations".* FROM "schema_migrations"[0m

ActionController::RoutingError (uninitialized constant ApiController):
  app/controllers/api/v1/user_controller.rb:1:in `<top (required)>'


  Rendered /Users/maxencehenneron/.rvm/gems/ruby-2.2.0/gems/actionpack-4.2.3/lib/action_dispatch/middleware/templates/rescues/_trace.html.erb (2.8ms)
  Rendered /Users/maxencehenneron/.rvm/gems/ruby-2.2.0/gems/actionpack-4.2.3/lib/action_dispatch/middleware/templates/routes/_route.html.erb (2.6ms)
  Rendered /Users/maxencehenneron/.rvm/gems/ruby-2.2.0/gems/actionpack-4.2.3/lib/action_dispatch/middleware/templates/routes/_table.html.erb (18.1ms)
  Rendered /Users/maxencehenneron/.rvm/gems/ruby-2.2.0/gems/actionpack-4.2.3/lib/action_dispatch/middleware/templates/rescues/_request_and_response.html.erb (11.8ms)
  Rendered /Users/maxencehenneron/.rvm/gems/ruby-2.2.0/gems/actionpack-4.2.3/lib/action_dispatch/middleware/templates/rescues/routing_error.html.erb within rescues/layout (146.3ms)
Cannot render console with content type multipart/form-dataAllowed content types: [#<Mime::Type:0x007fbbb4339b78 @synonyms=["application/xhtml+xml"], @symbol=:html, @string="text/html">, #<Mime::Type:0x007fbbb4339880 @synonyms=[], @symbol=:text, @string="text/plain">, #<Mime::Type:0x007fbbb43325a8 @synonyms=[], @symbol=:url_encoded_form, @string="application/x-www-form-urlencoded">]


Started POST "/api/v1/user" for ::1 at 2015-09-27 12:48:38 +0200
Processing by Api::V1::UserController#create as JSON
  Parameters: {"user"=>{"email"=>"max@laposte.net", "password"=>"[FILTERED]", "first_name"=>"Maxence", "last_name"=>"Henneron"}}
Can't verify CSRF token authenticity
  [1m[35m (0.1ms)[0m  begin transaction
  [1m[36mUser Exists (0.7ms)[0m  [1mSELECT  1 AS one FROM "users" WHERE "users"."email" = 'max@laposte.net' LIMIT 1[0m
  [1m[35m (0.5ms)[0m  SELECT COUNT(*) FROM "users" WHERE "users"."authentication_token" = ?  [["authentication_token", "9nmByZ6j35yGhYqvayw5"]]
  [1m[36mSQL (1.3ms)[0m  [1mINSERT INTO "users" ("first_name", "last_name", "email", "encrypted_password", "authentication_token", "created_at", "updated_at") VALUES (?, ?, ?, ?, ?, ?, ?)[0m  [["first_name", "Maxence"], ["last_name", "Henneron"], ["email", "max@laposte.net"], ["encrypted_password", "$2a$10$U3ICI7wup51RR6c1zTmcBu.HyPlTyXV7fdY8OkA81Y/1LtTLR23si"], ["authentication_token", "9nmByZ6j35yGhYqvayw5"], ["created_at", "2015-09-27 10:48:39.079786"], ["updated_at", "2015-09-27 10:48:39.079786"]]
  [1m[35m (1.0ms)[0m  commit transaction
Completed 201 Created in 159ms (Views: 1.3ms | ActiveRecord: 4.2ms)


Started GET "/api/v1/user/1" for ::1 at 2015-09-27 12:48:56 +0200
Processing by Api::V1::UserController#show as JSON
  Parameters: {"id"=>"1"}
Completed 401 Unauthorized in 8ms (ActiveRecord: 0.0ms)


Started GET "/api/v1/user/1" for ::1 at 2015-09-27 12:49:00 +0200
Processing by Api::V1::UserController#show as JSON
  Parameters: {"id"=>"1"}
Completed 401 Unauthorized in 2ms (ActiveRecord: 0.0ms)


Started GET "/api/v1/user/1" for ::1 at 2015-09-27 12:49:25 +0200
Processing by Api::V1::UserController#show as JSON
  Parameters: {"id"=>"1"}
Completed 401 Unauthorized in 1ms (ActiveRecord: 0.0ms)


Started POST "/api/v1/auth" for ::1 at 2015-09-27 12:49:46 +0200
Processing by Api::V1::UserController#get_token as JSON
  Parameters: {"email"=>"dernise@live.fr", "password"=>"[FILTERED]"}
Can't verify CSRF token authenticity
  [1m[36mUser Load (0.4ms)[0m  [1mSELECT  "users".* FROM "users" WHERE "users"."email" = ? LIMIT 1[0m  [["email", "dernise@live.fr"]]
Completed 500 Internal Server Error in 17ms (ActiveRecord: 0.4ms)

NoMethodError (undefined method `valid_password?' for nil:NilClass):
  app/controllers/api/v1/user_controller.rb:6:in `get_token'


  Rendered /Users/maxencehenneron/.rvm/gems/ruby-2.2.0/gems/actionpack-4.2.3/lib/action_dispatch/middleware/templates/rescues/_source.erb (7.3ms)
  Rendered /Users/maxencehenneron/.rvm/gems/ruby-2.2.0/gems/actionpack-4.2.3/lib/action_dispatch/middleware/templates/rescues/_trace.html.erb (3.3ms)
  Rendered /Users/maxencehenneron/.rvm/gems/ruby-2.2.0/gems/actionpack-4.2.3/lib/action_dispatch/middleware/templates/rescues/_request_and_response.html.erb (1.8ms)
  Rendered /Users/maxencehenneron/.rvm/gems/ruby-2.2.0/gems/actionpack-4.2.3/lib/action_dispatch/middleware/templates/rescues/diagnostics.html.erb within rescues/layout (72.6ms)
Cannot render console with content type multipart/form-dataAllowed content types: [#<Mime::Type:0x007fbbb4339b78 @synonyms=["application/xhtml+xml"], @symbol=:html, @string="text/html">, #<Mime::Type:0x007fbbb4339880 @synonyms=[], @symbol=:text, @string="text/plain">, #<Mime::Type:0x007fbbb43325a8 @synonyms=[], @symbol=:url_encoded_form, @string="application/x-www-form-urlencoded">]


Started POST "/api/v1/auth" for ::1 at 2015-09-27 12:50:25 +0200
Processing by Api::V1::UserController#get_token as JSON
  Parameters: {"email"=>"max@laposte.net", "password"=>"[FILTERED]"}
Can't verify CSRF token authenticity
  [1m[35mUser Load (0.4ms)[0m  SELECT  "users".* FROM "users" WHERE "users"."email" = ? LIMIT 1  [["email", "max@laposte.net"]]
Completed 200 OK in 85ms (Views: 0.3ms | ActiveRecord: 0.4ms)


Started POST "/api/v1/auth" for ::1 at 2015-09-27 12:51:52 +0200
Processing by Api::V1::UserController#get_token as JSON
  Parameters: {"email"=>"max@laposte.nets", "password"=>"[FILTERED]"}
Can't verify CSRF token authenticity
  [1m[36mUser Load (0.3ms)[0m  [1mSELECT  "users".* FROM "users" WHERE "users"."email" = ? LIMIT 1[0m  [["email", "max@laposte.nets"]]
Completed 500 Internal Server Error in 14ms (ActiveRecord: 1.0ms)

NoMethodError (undefined method `valid_password?' for nil:NilClass):
  app/controllers/api/v1/user_controller.rb:7:in `get_token'


  Rendered /Users/maxencehenneron/.rvm/gems/ruby-2.2.0/gems/actionpack-4.2.3/lib/action_dispatch/middleware/templates/rescues/_source.erb (8.6ms)
  Rendered /Users/maxencehenneron/.rvm/gems/ruby-2.2.0/gems/actionpack-4.2.3/lib/action_dispatch/middleware/templates/rescues/_trace.html.erb (4.5ms)
  Rendered /Users/maxencehenneron/.rvm/gems/ruby-2.2.0/gems/actionpack-4.2.3/lib/action_dispatch/middleware/templates/rescues/_request_and_response.html.erb (1.6ms)
  Rendered /Users/maxencehenneron/.rvm/gems/ruby-2.2.0/gems/actionpack-4.2.3/lib/action_dispatch/middleware/templates/rescues/diagnostics.html.erb within rescues/layout (169.1ms)
Cannot render console with content type multipart/form-dataAllowed content types: [#<Mime::Type:0x007fbbb4339b78 @synonyms=["application/xhtml+xml"], @symbol=:html, @string="text/html">, #<Mime::Type:0x007fbbb4339880 @synonyms=[], @symbol=:text, @string="text/plain">, #<Mime::Type:0x007fbbb43325a8 @synonyms=[], @symbol=:url_encoded_form, @string="application/x-www-form-urlencoded">]


Started POST "/api/v1/auth" for ::1 at 2015-09-27 12:52:16 +0200
Processing by Api::V1::UserController#get_token as JSON
  Parameters: {"email"=>"max@laposte.nets", "password"=>"[FILTERED]"}
Can't verify CSRF token authenticity
  [1m[35mUser Load (0.3ms)[0m  SELECT  "users".* FROM "users" WHERE "users"."email" = ? LIMIT 1  [["email", "max@laposte.nets"]]
Completed 500 Internal Server Error in 8ms (ActiveRecord: 0.8ms)

NoMethodError (undefined method `valid_password?' for nil:NilClass):
  app/controllers/api/v1/user_controller.rb:7:in `get_token'


  Rendered /Users/maxencehenneron/.rvm/gems/ruby-2.2.0/gems/actionpack-4.2.3/lib/action_dispatch/middleware/templates/rescues/_source.erb (8.9ms)
  Rendered /Users/maxencehenneron/.rvm/gems/ruby-2.2.0/gems/actionpack-4.2.3/lib/action_dispatch/middleware/templates/rescues/_trace.html.erb (3.5ms)
  Rendered /Users/maxencehenneron/.rvm/gems/ruby-2.2.0/gems/actionpack-4.2.3/lib/action_dispatch/middleware/templates/rescues/_request_and_response.html.erb (1.0ms)
  Rendered /Users/maxencehenneron/.rvm/gems/ruby-2.2.0/gems/actionpack-4.2.3/lib/action_dispatch/middleware/templates/rescues/diagnostics.html.erb within rescues/layout (77.2ms)
Cannot render console with content type multipart/form-dataAllowed content types: [#<Mime::Type:0x007fbbb4339b78 @synonyms=["application/xhtml+xml"], @symbol=:html, @string="text/html">, #<Mime::Type:0x007fbbb4339880 @synonyms=[], @symbol=:text, @string="text/plain">, #<Mime::Type:0x007fbbb43325a8 @synonyms=[], @symbol=:url_encoded_form, @string="application/x-www-form-urlencoded">]


Started POST "/api/v1/auth" for ::1 at 2015-09-27 12:53:12 +0200
Processing by Api::V1::UserController#get_token as JSON
  Parameters: {"email"=>"max@laposte.nets", "password"=>"[FILTERED]"}
Can't verify CSRF token authenticity
  [1m[36mUser Load (0.2ms)[0m  [1mSELECT  "users".* FROM "users" WHERE "users"."email" = ? LIMIT 1[0m  [["email", "max@laposte.nets"]]
Completed 404 Not Found in 5ms (Views: 0.5ms | ActiveRecord: 0.8ms)


Started POST "/api/v1/auth" for ::1 at 2015-09-27 12:53:45 +0200
Processing by Api::V1::UserController#get_token as JSON
  Parameters: {"email"=>"max@laposte.net", "password"=>"[FILTERED]"}
Can't verify CSRF token authenticity
  [1m[35mUser Load (0.2ms)[0m  SELECT  "users".* FROM "users" WHERE "users"."email" = ? LIMIT 1  [["email", "max@laposte.net"]]
Completed 200 OK in 97ms (Views: 0.3ms | ActiveRecord: 0.5ms)


Started GET "/api/v1/user/1" for ::1 at 2015-09-27 12:54:11 +0200
Processing by Api::V1::UserController#show as JSON
  Parameters: {"id"=>"1"}
  [1m[36mUser Load (0.3ms)[0m  [1mSELECT  "users".* FROM "users" WHERE "users"."email" = ?  ORDER BY "users"."id" ASC LIMIT 1[0m  [["email", "max@laposte.net"]]
  [1m[35mUser Load (0.2ms)[0m  SELECT  "users".* FROM "users" WHERE "users"."id" = ? LIMIT 1  [["id", 1]]
Completed 200 OK in 6ms (Views: 1.1ms | ActiveRecord: 0.5ms)
  [1m[36mActiveRecord::SchemaMigration Load (0.2ms)[0m  [1mSELECT "schema_migrations".* FROM "schema_migrations"[0m
  [1m[35mActiveRecord::SchemaMigration Load (0.1ms)[0m  SELECT "schema_migrations".* FROM "schema_migrations"
  [1m[36m (0.1ms)[0m  [1m            SELECT sql
            FROM sqlite_master
            WHERE name='index_users_on_reset_password_token' AND type='index'
            UNION ALL
            SELECT sql
            FROM sqlite_temp_master
            WHERE name='index_users_on_reset_password_token' AND type='index'
[0m
  [1m[35m (0.1ms)[0m              SELECT sql
            FROM sqlite_master
            WHERE name='index_users_on_email' AND type='index'
            UNION ALL
            SELECT sql
            FROM sqlite_temp_master
            WHERE name='index_users_on_email' AND type='index'

  [1m[36m (0.1ms)[0m  [1m            SELECT sql
            FROM sqlite_master
            WHERE name='index_users_on_authentication_token' AND type='index'
            UNION ALL
            SELECT sql
            FROM sqlite_temp_master
            WHERE name='index_users_on_authentication_token' AND type='index'
[0m


Started GET "/api/v1/user/1" for ::1 at 2015-09-27 12:59:33 +0200
  [1m[36mActiveRecord::SchemaMigration Load (0.3ms)[0m  [1mSELECT "schema_migrations".* FROM "schema_migrations"[0m
Processing by Api::V1::UserController#show as JSON
  Parameters: {"id"=>"1"}
  [1m[35mUser Load (0.3ms)[0m  SELECT  "users".* FROM "users" WHERE "users"."email" = ?  ORDER BY "users"."id" ASC LIMIT 1  [["email", "max@laposte.net"]]
  [1m[36mUser Load (0.3ms)[0m  [1mSELECT  "users".* FROM "users" WHERE "users"."id" = ? LIMIT 1[0m  [["id", 1]]
Completed 200 OK in 50ms (Views: 1.2ms | ActiveRecord: 1.4ms)


Started GET "/api/v1/user/1" for ::1 at 2015-09-27 12:59:34 +0200
Processing by Api::V1::UserController#show as JSON
  Parameters: {"id"=>"1"}
  [1m[35mUser Load (0.1ms)[0m  SELECT  "users".* FROM "users" WHERE "users"."email" = ?  ORDER BY "users"."id" ASC LIMIT 1  [["email", "max@laposte.net"]]
  [1m[36mUser Load (0.1ms)[0m  [1mSELECT  "users".* FROM "users" WHERE "users"."id" = ? LIMIT 1[0m  [["id", 1]]
Completed 200 OK in 5ms (Views: 1.0ms | ActiveRecord: 0.3ms)


Started GET "/api/v1/user/1" for ::1 at 2015-09-27 12:59:34 +0200
Processing by Api::V1::UserController#show as JSON
  Parameters: {"id"=>"1"}
  [1m[35mUser Load (0.2ms)[0m  SELECT  "users".* FROM "users" WHERE "users"."email" = ?  ORDER BY "users"."id" ASC LIMIT 1  [["email", "max@laposte.net"]]
  [1m[36mUser Load (0.3ms)[0m  [1mSELECT  "users".* FROM "users" WHERE "users"."id" = ? LIMIT 1[0m  [["id", 1]]
Completed 200 OK in 8ms (Views: 1.3ms | ActiveRecord: 0.5ms)


Started GET "/api/v1/user/1" for ::1 at 2015-09-27 14:06:20 +0200
  [1m[36mActiveRecord::SchemaMigration Load (0.6ms)[0m  [1mSELECT "schema_migrations".* FROM "schema_migrations"[0m
Processing by Api::V1::UserController#show as JSON
  Parameters: {"id"=>"1"}
  [1m[35mUser Load (1.2ms)[0m  SELECT  "users".* FROM "users" WHERE "users"."email" = ?  ORDER BY "users"."id" ASC LIMIT 1  [["email", "max@laposte.net"]]
  [1m[36mUser Load (0.2ms)[0m  [1mSELECT  "users".* FROM "users" WHERE "users"."id" = ? LIMIT 1[0m  [["id", 1]]
Completed 200 OK in 49ms (Views: 1.0ms | ActiveRecord: 1.9ms)


Started POST "/api/v1/auth" for ::1 at 2015-09-28 10:17:27 +0200
Processing by Api::V1::UserController#get_token as JSON
  Parameters: {"email"=>"max@laposte.net", "password"=>"[FILTERED]"}
Can't verify CSRF token authenticity
  [1m[35mUser Load (0.8ms)[0m  SELECT  "users".* FROM "users" WHERE "users"."email" = ? LIMIT 1  [["email", "max@laposte.net"]]
Completed 200 OK in 106ms (Views: 0.4ms | ActiveRecord: 1.6ms)


Started GET "/api/v1/user/1" for ::1 at 2015-09-28 10:17:44 +0200
Processing by Api::V1::UserController#show as JSON
  Parameters: {"id"=>"1"}
Completed 401 Unauthorized in 10ms (ActiveRecord: 0.0ms)


Started GET "/api/v1/user/1" for ::1 at 2015-09-28 10:18:06 +0200
Processing by Api::V1::UserController#show as JSON
  Parameters: {"id"=>"1"}
  [1m[36mUser Load (0.3ms)[0m  [1mSELECT  "users".* FROM "users" WHERE "users"."email" = ?  ORDER BY "users"."id" ASC LIMIT 1[0m  [["email", "wujptpvz7ryxayhvnuxa"]]
Completed 401 Unauthorized in 5ms (ActiveRecord: 0.3ms)


Started POST "/api/v1/auth" for ::1 at 2015-09-28 10:18:13 +0200
Processing by Api::V1::UserController#get_token as JSON
  Parameters: {"email"=>"max@laposte.net", "password"=>"[FILTERED]"}
Can't verify CSRF token authenticity
  [1m[35mUser Load (0.2ms)[0m  SELECT  "users".* FROM "users" WHERE "users"."email" = ? LIMIT 1  [["email", "max@laposte.net"]]
Completed 200 OK in 78ms (Views: 0.2ms | ActiveRecord: 0.2ms)


Started GET "/api/v1/user/1" for ::1 at 2015-09-28 10:18:27 +0200
Processing by Api::V1::UserController#show as JSON
  Parameters: {"id"=>"1"}
  [1m[36mUser Load (0.2ms)[0m  [1mSELECT  "users".* FROM "users" WHERE "users"."email" = ?  ORDER BY "users"."id" ASC LIMIT 1[0m  [["email", "9nmbyz6j35yghyqvayw5"]]
Completed 401 Unauthorized in 5ms (ActiveRecord: 0.2ms)


Started POST "/api/v1/auth" for ::1 at 2015-09-28 10:18:38 +0200
Processing by Api::V1::UserController#get_token as JSON
  Parameters: {"email"=>"max@laposte.net", "password"=>"[FILTERED]"}
Can't verify CSRF token authenticity
  [1m[35mUser Load (0.2ms)[0m  SELECT  "users".* FROM "users" WHERE "users"."email" = ? LIMIT 1  [["email", "max@laposte.net"]]
Completed 200 OK in 78ms (Views: 0.2ms | ActiveRecord: 0.2ms)


Started GET "/api/v1/user/1" for ::1 at 2015-09-28 10:18:55 +0200
Processing by Api::V1::UserController#show as JSON
  Parameters: {"id"=>"1"}
  [1m[36mUser Load (0.2ms)[0m  [1mSELECT  "users".* FROM "users" WHERE "users"."email" = ?  ORDER BY "users"."id" ASC LIMIT 1[0m  [["email", "max@laposte.net"]]
  [1m[35mUser Load (0.3ms)[0m  SELECT  "users".* FROM "users" WHERE "users"."id" = ? LIMIT 1  [["id", 1]]
Completed 200 OK in 6ms (Views: 1.5ms | ActiveRecord: 0.5ms)
